WARNING 2025-08-26 18:35:05,991 log 15432 26572 Unauthorized: /api/ai/initialize/
WARNING 2025-08-26 18:35:06,004 log 15432 26572 Unauthorized: /api/ai/questions/
WARNING 2025-08-26 18:35:06,006 log 15432 26572 Unauthorized: /api/ai/notes/
WARNING 2025-08-26 18:35:06,008 log 15432 26572 Unauthorized: /api/ai/summary/
WARNING 2025-08-26 18:35:06,479 log 15432 26572 Bad Request: /api/ai/questions/
WARNING 2025-08-26 18:35:07,297 log 15432 26572 Not Found: /api/ai/initialize/
WARNING 2025-08-26 18:35:29,830 log 39876 40436 Unauthorized: /api/ai/initialize/
WARNING 2025-08-26 18:35:29,836 log 39876 40436 Unauthorized: /api/ai/questions/
WARNING 2025-08-26 18:35:29,838 log 39876 40436 Unauthorized: /api/ai/notes/
WARNING 2025-08-26 18:35:29,839 log 39876 40436 Unauthorized: /api/ai/summary/
WARNING 2025-08-26 18:35:30,186 log 39876 40436 Bad Request: /api/ai/questions/
WARNING 2025-08-26 18:35:30,869 log 39876 40436 Not Found: /api/ai/initialize/
WARNING 2025-08-26 18:36:40,072 log 25320 50864 Unauthorized: /api/ai/initialize/
WARNING 2025-08-26 18:36:40,077 log 25320 50864 Unauthorized: /api/ai/questions/
WARNING 2025-08-26 18:36:40,079 log 25320 50864 Unauthorized: /api/ai/notes/
WARNING 2025-08-26 18:36:40,080 log 25320 50864 Unauthorized: /api/ai/summary/
WARNING 2025-08-26 18:36:40,438 log 25320 50864 Bad Request: /api/ai/questions/
WARNING 2025-08-26 18:36:41,021 log 25320 50864 Not Found: /api/ai/initialize/
WARNING 2025-08-26 18:40:17,794 log 18184 10144 Bad Request: /api/leads/sync/
WARNING 2025-08-26 18:40:18,052 log 18184 10144 Bad Request: /api/leads/sync/
WARNING 2025-08-26 18:40:37,263 log 49832 18428 Bad Request: /api/leads/sync/
WARNING 2025-08-26 18:41:31,960 log 27640 4844 Bad Request: /api/leads/sync/
WARNING 2025-08-26 18:48:13,646 log 18356 19796 Bad Request: /api/leads/sync/
WARNING 2025-08-26 18:53:09,841 log 12356 45216 Unauthorized: /api/ai/initialize/
WARNING 2025-08-26 18:53:09,852 log 12356 45216 Unauthorized: /api/ai/questions/
WARNING 2025-08-26 18:53:09,854 log 12356 45216 Unauthorized: /api/ai/notes/
WARNING 2025-08-26 18:53:09,854 log 12356 45216 Unauthorized: /api/ai/summary/
WARNING 2025-08-26 18:53:10,406 log 12356 45216 Bad Request: /api/ai/questions/
WARNING 2025-08-26 18:53:11,545 log 12356 45216 Not Found: /api/ai/initialize/
WARNING 2025-08-26 18:53:14,877 log 12356 45216 Bad Request: /api/leads/sync/
WARNING 2025-08-26 18:54:07,258 log 45624 48004 Unauthorized: /api/ai/initialize/
WARNING 2025-08-26 18:54:07,269 log 45624 48004 Unauthorized: /api/ai/questions/
WARNING 2025-08-26 18:54:07,271 log 45624 48004 Unauthorized: /api/ai/notes/
WARNING 2025-08-26 18:54:07,272 log 45624 48004 Unauthorized: /api/ai/summary/
WARNING 2025-08-26 18:54:07,877 log 45624 48004 Bad Request: /api/ai/questions/
WARNING 2025-08-26 18:54:08,799 log 45624 48004 Not Found: /api/ai/initialize/
WARNING 2025-08-26 18:54:11,305 log 45624 48004 Bad Request: /api/leads/sync/
WARNING 2025-08-26 18:59:32,341 log 38796 15292 Bad Request: /api/leads/sync/
WARNING 2025-08-26 19:00:07,169 log 50884 38116 Unauthorized: /api/ai/initialize/
WARNING 2025-08-26 19:00:07,176 log 50884 38116 Unauthorized: /api/ai/questions/
WARNING 2025-08-26 19:00:07,177 log 50884 38116 Unauthorized: /api/ai/notes/
WARNING 2025-08-26 19:00:07,177 log 50884 38116 Unauthorized: /api/ai/summary/
WARNING 2025-08-26 19:00:07,615 log 50884 38116 Bad Request: /api/ai/questions/
WARNING 2025-08-26 19:00:08,418 log 50884 38116 Not Found: /api/ai/initialize/
WARNING 2025-08-26 19:00:10,886 log 50884 38116 Bad Request: /api/leads/sync/
INFO 2025-08-26 19:00:13,306 services 50884 38116 Ended session 1
INFO 2025-08-26 19:00:14,934 services 50884 38116 Initialized meeting session 1 for meeting 1
INFO 2025-08-26 19:00:15,312 services 50884 38116 Added action item 1 to session 1
WARNING 2025-08-26 19:00:15,603 log 50884 38116 Bad Request: /api/meetings/sessions/1/action-items/
INFO 2025-08-26 19:00:16,549 services 50884 38116 Initialized meeting session 1 for meeting 1
INFO 2025-08-26 19:00:16,564 services 50884 38116 Added action item 1 to session 1
INFO 2025-08-26 19:00:16,577 services 50884 38116 Ended session 1
INFO 2025-08-26 19:00:17,221 services 50884 38116 Added action item 1 to session 1
INFO 2025-08-26 19:00:17,232 services 50884 38116 Ended session 1
ERROR 2025-08-26 19:00:17,239 services 50884 38116 Error ending session 1: Session already ended
WARNING 2025-08-26 19:00:17,260 services 50884 38116 Session 99999 not found
INFO 2025-08-26 19:00:17,267 services 50884 38116 Initialized meeting session 1 for meeting 1
ERROR 2025-08-26 19:00:17,274 services 50884 38116 Error initializing session for meeting 1: Meeting session already exists
WARNING 2025-08-26 19:14:11,577 services 8824 7504 GEMINI_API_KEY not configured. AI features will use fallback responses.
WARNING 2025-08-26 19:14:11,579 services 8824 7504 GEMINI_API_KEY not configured. AI features will use fallback responses.
WARNING 2025-08-26 19:14:23,378 services 3676 17452 GEMINI_API_KEY not configured. AI features will use fallback responses.
INFO 2025-08-26 19:14:23,407 services 3676 17452 AI session initialized: 79e1fdf6-a3ae-4356-ae12-4c4615157921 for meeting 1
WARNING 2025-08-26 19:14:35,885 services 11808 45900 GEMINI_API_KEY not configured. AI features will use fallback responses.
INFO 2025-08-26 19:14:35,916 services 11808 45900 AI session initialized: 1114422d-e531-449d-8270-f8c8aa3bfe0b for meeting 1
WARNING 2025-08-26 19:18:19,605 services 37948 29168 GEMINI_API_KEY not configured. AI features will use fallback responses.
WARNING 2025-08-26 19:19:08,453 services 22508 33240 GEMINI_API_KEY not configured. AI features will use fallback responses.
WARNING 2025-08-26 19:19:25,841 services 13696 4512 GEMINI_API_KEY not configured. AI features will use fallback responses.
WARNING 2025-08-26 19:19:52,678 services 14532 38868 GEMINI_API_KEY not configured. AI features will use fallback responses.
WARNING 2025-08-26 19:20:04,757 services 37300 34892 GEMINI_API_KEY not configured. AI features will use fallback responses.
WARNING 2025-08-26 19:20:14,881 services 15632 8800 GEMINI_API_KEY not configured. AI features will use fallback responses.
WARNING 2025-08-26 19:20:41,056 services 48068 16296 GEMINI_API_KEY not configured. AI features will use fallback responses.
WARNING 2025-08-26 19:21:16,801 services 46824 39028 GEMINI_API_KEY not configured. AI features will use fallback responses.
WARNING 2025-08-26 19:21:26,798 services 22656 35748 GEMINI_API_KEY not configured. AI features will use fallback responses.
WARNING 2025-08-26 19:21:37,057 services 7208 25304 GEMINI_API_KEY not configured. AI features will use fallback responses.
WARNING 2025-08-26 19:25:26,610 services 6920 32924 GEMINI_API_KEY not configured. AI features will use fallback responses.
WARNING 2025-08-26 19:25:36,334 services 50036 21584 GEMINI_API_KEY not configured. AI features will use fallback responses.
INFO 2025-08-26 19:25:36,350 services 50036 21584 AI session initialized: f4434895-632a-423a-965a-d2fb2d92954f for meeting 1
WARNING 2025-08-26 19:25:45,942 services 32620 22168 GEMINI_API_KEY not configured. AI features will use fallback responses.
INFO 2025-08-26 19:25:45,964 services 32620 22168 AI session initialized: b7061bce-eb7c-422c-b233-0d6ace8fddc2 for meeting 1
WARNING 2025-08-26 19:25:45,966 services 32620 22168 GEMINI_API_KEY not configured. AI features will use fallback responses.
INFO 2025-08-26 19:33:02,680 consumers 14180 39920 User 1 connected to meeting 1 WebSocket
INFO 2025-08-26 19:33:02,683 consumers 14180 39920 User 1 disconnected from meeting 1 WebSocket (code: 1000)
INFO 2025-08-26 19:33:52,249 consumers 39744 47956 User 1 connected to meeting 1 WebSocket
INFO 2025-08-26 19:33:52,249 consumers 39744 47956 User 1 disconnected from meeting 1 WebSocket (code: 1000)
INFO 2025-08-26 19:37:22,907 consumers 45848 42076 User 1 connected to meeting 1 WebSocket
WARNING 2025-08-26 19:37:22,909 services 45848 35500 GEMINI_API_KEY not configured. AI features will use fallback responses.
INFO 2025-08-26 19:37:22,918 consumers 45848 42076 User 1 disconnected from meeting 1 WebSocket (code: 1000)
INFO 2025-08-26 19:37:32,826 consumers 25752 40284 User 1 connected to meeting 1 WebSocket
INFO 2025-08-26 19:37:32,826 consumers 25752 40284 Connection status update from user 1: healthy
INFO 2025-08-26 19:37:32,838 consumers 25752 40284 User 1 disconnected from meeting 1 WebSocket (code: 1000)
INFO 2025-08-26 19:37:42,981 consumers 5200 40660 User 1 connected to meeting 1 WebSocket
INFO 2025-08-26 19:37:42,984 consumers 5200 40660 User 2 connected to meeting 1 WebSocket
ERROR 2025-08-26 19:37:42,988 consumers 5200 24836 Error saving notes with conflict resolution: Invalid field name(s) for model MeetingSession: 'notes_version'.
INFO 2025-08-26 19:37:42,992 consumers 5200 40660 User 1 disconnected from meeting 1 WebSocket (code: 1000)
INFO 2025-08-26 19:37:42,992 consumers 5200 40660 User 2 disconnected from meeting 1 WebSocket (code: 1000)
INFO 2025-08-26 19:38:25,648 consumers 13584 30680 User 1 connected to meeting 1 WebSocket
INFO 2025-08-26 19:38:25,648 consumers 13584 30680 User 2 connected to meeting 1 WebSocket
INFO 2025-08-26 19:38:25,656 consumers 13584 30680 User 1 disconnected from meeting 1 WebSocket (code: 1000)
INFO 2025-08-26 19:38:25,656 consumers 13584 30680 User 2 disconnected from meeting 1 WebSocket (code: 1000)
INFO 2025-08-26 19:38:39,473 consumers 32120 13732 User 1 connected to meeting 1 WebSocket
INFO 2025-08-26 19:38:39,479 consumers 32120 13732 User 1 disconnected from meeting 1 WebSocket (code: 1000)
INFO 2025-08-26 19:38:39,679 consumers 32120 50128 User 2 connected to meeting 2 WebSocket
WARNING 2025-08-26 19:38:39,679 services 32120 14320 GEMINI_API_KEY not configured. AI features will use fallback responses.
INFO 2025-08-26 19:38:39,899 consumers 32120 41164 User 3 connected to meeting 3 WebSocket
INFO 2025-08-26 19:38:39,899 consumers 32120 41164 Connection status update from user 3: healthy
INFO 2025-08-26 19:38:39,899 consumers 32120 41164 User 3 disconnected from meeting 3 WebSocket (code: 1000)
INFO 2025-08-26 19:38:40,136 consumers 32120 9744 User 4 connected to meeting 4 WebSocket
WARNING 2025-08-26 19:38:40,143 services 32120 14320 GEMINI_API_KEY not configured. AI features will use fallback responses.
INFO 2025-08-26 19:38:40,147 consumers 32120 9744 User 4 disconnected from meeting 4 WebSocket (code: 1000)
INFO 2025-08-26 19:38:40,340 consumers 32120 41480 User 5 connected to meeting 5 WebSocket
ERROR 2025-08-26 19:38:40,340 consumers 32120 41480 Invalid JSON received from user 5: Expecting value: line 1 column 1 (char 0)
INFO 2025-08-26 19:38:40,342 consumers 32120 41480 User 5 disconnected from meeting 5 WebSocket (code: 1000)
INFO 2025-08-26 19:38:40,693 consumers 32120 19772 User 6 connected to meeting 6 WebSocket
INFO 2025-08-26 19:38:40,693 consumers 32120 19772 User 7 connected to meeting 6 WebSocket
INFO 2025-08-26 19:38:40,703 consumers 32120 19772 User 6 disconnected from meeting 6 WebSocket (code: 1000)
INFO 2025-08-26 19:38:40,703 consumers 32120 19772 User 7 disconnected from meeting 6 WebSocket (code: 1000)
INFO 2025-08-26 19:38:40,893 consumers 32120 28636 User 8 connected to meeting 7 WebSocket
INFO 2025-08-26 19:38:40,902 consumers 32120 28636 User 8 disconnected from meeting 7 WebSocket (code: 1000)
INFO 2025-08-26 19:38:41,082 consumers 32120 50292 User 9 connected to meeting 8 WebSocket
INFO 2025-08-26 19:38:41,090 consumers 32120 50292 User 9 disconnected from meeting 8 WebSocket (code: 1000)
INFO 2025-08-26 19:38:41,296 consumers 32120 20180 User 10 connected to meeting 9 WebSocket
INFO 2025-08-26 19:38:41,296 consumers 32120 20180 User 10 disconnected from meeting 9 WebSocket (code: 1000)
INFO 2025-08-26 19:38:41,646 consumers 32120 7376 User 11 connected to meeting 10 WebSocket
INFO 2025-08-26 19:38:41,646 consumers 32120 7376 User 12 connected to meeting 10 WebSocket
INFO 2025-08-26 19:38:41,658 consumers 32120 7376 User 11 disconnected from meeting 10 WebSocket (code: 1000)
INFO 2025-08-26 19:38:41,658 consumers 32120 7376 User 12 disconnected from meeting 10 WebSocket (code: 1000)
INFO 2025-08-26 19:38:41,848 consumers 32120 12124 User 13 connected to meeting 11 WebSocket
INFO 2025-08-26 19:38:41,848 consumers 32120 12124 User 13 disconnected from meeting 11 WebSocket (code: 1000)
WARNING 2025-08-26 19:38:42,042 consumers 32120 23008 Unauthenticated WebSocket connection attempt for meeting 12
INFO 2025-08-26 19:39:05,030 consumers 27088 37032 User 1 connected to meeting 1 WebSocket
INFO 2025-08-26 19:39:05,054 consumers 27088 37032 User 1 disconnected from meeting 1 WebSocket (code: 1000)
INFO 2025-08-26 19:39:05,269 consumers 27088 41844 User 2 connected to meeting 2 WebSocket
WARNING 2025-08-26 19:39:05,269 services 27088 10996 GEMINI_API_KEY not configured. AI features will use fallback responses.
INFO 2025-08-26 19:39:05,277 consumers 27088 41844 User 2 disconnected from meeting 2 WebSocket (code: 1000)
INFO 2025-08-26 19:39:05,469 consumers 27088 43460 User 3 connected to meeting 3 WebSocket
INFO 2025-08-26 19:39:05,469 consumers 27088 43460 Connection status update from user 3: healthy
INFO 2025-08-26 19:39:05,473 consumers 27088 43460 User 3 disconnected from meeting 3 WebSocket (code: 1000)
INFO 2025-08-26 19:39:05,659 consumers 27088 36396 User 4 connected to meeting 4 WebSocket
WARNING 2025-08-26 19:39:05,659 services 27088 10996 GEMINI_API_KEY not configured. AI features will use fallback responses.
INFO 2025-08-26 19:39:05,659 consumers 27088 36396 User 4 disconnected from meeting 4 WebSocket (code: 1000)
INFO 2025-08-26 19:39:05,847 consumers 27088 10252 User 5 connected to meeting 5 WebSocket
ERROR 2025-08-26 19:39:05,847 consumers 27088 10252 Invalid JSON received from user 5: Expecting value: line 1 column 1 (char 0)
INFO 2025-08-26 19:39:05,850 consumers 27088 10252 User 5 disconnected from meeting 5 WebSocket (code: 1000)
INFO 2025-08-26 19:39:06,197 consumers 27088 32520 User 6 connected to meeting 6 WebSocket
INFO 2025-08-26 19:39:06,197 consumers 27088 32520 User 7 connected to meeting 6 WebSocket
INFO 2025-08-26 19:39:06,205 consumers 27088 32520 User 6 disconnected from meeting 6 WebSocket (code: 1000)
INFO 2025-08-26 19:39:06,205 consumers 27088 32520 User 7 disconnected from meeting 6 WebSocket (code: 1000)
INFO 2025-08-26 19:39:06,410 consumers 27088 48372 User 8 connected to meeting 7 WebSocket
INFO 2025-08-26 19:39:06,633 consumers 27088 34612 User 9 connected to meeting 8 WebSocket
INFO 2025-08-26 19:39:06,832 consumers 27088 15560 User 10 connected to meeting 9 WebSocket
INFO 2025-08-26 19:39:06,833 consumers 27088 15560 User 10 disconnected from meeting 9 WebSocket (code: 1000)
INFO 2025-08-26 19:39:07,214 consumers 27088 25104 User 11 connected to meeting 10 WebSocket
INFO 2025-08-26 19:39:07,216 consumers 27088 25104 User 12 connected to meeting 10 WebSocket
INFO 2025-08-26 19:39:07,216 consumers 27088 25104 User 11 disconnected from meeting 10 WebSocket (code: 1000)
INFO 2025-08-26 19:39:07,500 consumers 27088 33764 User 13 connected to meeting 11 WebSocket
INFO 2025-08-26 19:39:07,500 consumers 27088 33764 User 13 disconnected from meeting 11 WebSocket (code: 1000)
WARNING 2025-08-26 19:39:07,683 consumers 27088 17456 Unauthenticated WebSocket connection attempt for meeting 12
ERROR 2025-08-26 19:39:07,746 base_events 27088 10996 Task exception was never retrieved
future: <Task finished name='Task-161' coro=<URLRouter.__call__() done, defined at C:\Users\Lenovo\AppData\Local\Programs\Python\Python311\Lib\site-packages\channels\routing.py:98> exception=RuntimeError('<asyncio.locks.Lock object at 0x00000202A76E3B50 [locked]> is bound to a different event loop')>
Traceback (most recent call last):
  File "C:\Users\Lenovo\AppData\Local\Programs\Python\Python311\Lib\site-packages\channels\routing.py", line 116, in __call__
    return await application(
           ^^^^^^^^^^^^^^^^^^
  File "C:\Users\Lenovo\AppData\Local\Programs\Python\Python311\Lib\site-packages\channels\consumer.py", line 94, in app
    return await consumer(scope, receive, send)
           ^^^^^^^^^^^^^^^^^^^^^^^^^^^^^^^^^^^^
  File "C:\Users\Lenovo\AppData\Local\Programs\Python\Python311\Lib\site-packages\channels\consumer.py", line 58, in __call__
    await await_many_dispatch(
  File "C:\Users\Lenovo\AppData\Local\Programs\Python\Python311\Lib\site-packages\channels\utils.py", line 57, in await_many_dispatch
    await task
RuntimeError: <asyncio.locks.Lock object at 0x00000202A76E3B50 [locked]> is bound to a different event loop
INFO 2025-08-26 19:49:46,612 crm_service 50836 26856 Successfully synced meeting 1 to CRM
ERROR 2025-08-26 19:49:46,632 crm_service 50836 26856 CRM sync failed for meeting 1: Server error
INFO 2025-08-26 19:49:46,638 crm_service 50836 26856 Successfully synced meeting 1 to CRM
INFO 2025-08-26 19:49:46,644 crm_service 50836 26856 Successfully synced meeting 1 to CRM
ERROR 2025-08-26 19:49:46,659 crm_service 50836 26856 CRM sync failed for meeting 1: CRM server error
INFO 2025-08-26 19:49:46,679 crm_service 50836 26856 Successfully synced meeting 1 to CRM
INFO 2025-08-26 19:49:46,691 crm_service 50836 26856 Successfully authenticated with Creatio CRM
INFO 2025-08-26 19:51:22,159 crm_service 52056 15844 Created follow-up task for action item 1
INFO 2025-08-26 19:51:36,023 crm_service 20824 8572 Successfully authenticated with Creatio CRM
ERROR 2025-08-26 19:51:36,117 crm_service 20824 8572 Unexpected error syncing meeting 1: Expecting value: line 1 column 1 (char 0)
INFO 2025-08-26 19:51:36,132 crm_service 20824 8572 Created follow-up task for action item 2
INFO 2025-08-26 19:51:36,134 crm_service 20824 8572 Created follow-up task for action item 1
INFO 2025-08-26 19:51:36,149 crm_service 20824 8572 Created follow-up task for action item 2
ERROR 2025-08-26 19:51:36,150 crm_service 20824 8572 Failed to create follow-up task for action item 1: Task creation failed
INFO 2025-08-26 19:51:36,156 crm_service 20824 8572 Created follow-up task for action item 1
INFO 2025-08-26 19:51:36,167 crm_service 20824 8572 Successfully synced meeting 1 to CRM
ERROR 2025-08-26 19:51:36,183 crm_service 20824 8572 CRM sync failed for meeting 1: Server error
INFO 2025-08-26 19:51:36,194 crm_service 20824 8572 Successfully synced meeting 1 to CRM
INFO 2025-08-26 19:51:36,202 crm_service 20824 8572 Successfully synced meeting 1 to CRM
ERROR 2025-08-26 19:51:36,211 crm_service 20824 8572 CRM sync failed for meeting 1: CRM server error
INFO 2025-08-26 19:51:36,227 crm_service 20824 8572 Successfully synced meeting 1 to CRM
ERROR 2025-08-26 19:51:36,233 crm_service 20824 8572 CRM authentication failed: Network error
INFO 2025-08-26 19:51:36,236 crm_service 20824 8572 Successfully authenticated with Creatio CRM
WARNING 2025-08-26 19:51:36,237 crm_service 20824 8572 CRM API request failed (attempt 1), retrying in 1s: Server error
WARNING 2025-08-26 19:51:36,237 crm_service 20824 8572 CRM API request failed (attempt 2), retrying in 2s: Server error
WARNING 2025-08-26 19:51:36,237 crm_service 20824 8572 CRM API request failed (attempt 3), retrying in 4s: Server error
ERROR 2025-08-26 19:51:36,241 crm_service 20824 8572 CRM API request failed after 3 retries: Server error
WARNING 2025-08-26 19:51:36,245 crm_service 20824 8572 CRM API request failed (attempt 1), retrying in 1s: Server error
WARNING 2025-08-26 19:51:36,246 crm_service 20824 8572 CRM API request failed (attempt 2), retrying in 2s: Server error
INFO 2025-08-26 19:57:21,242 task_scheduler 38616 9300 Cleaned up completed reminders
INFO 2025-08-26 19:57:21,245 task_scheduler 38616 9300 Skipping reminder for action item 1 - status: completed
INFO 2025-08-26 19:57:21,250 task_scheduler 38616 9300 Successfully sent email reminder for action item 1
ERROR 2025-08-26 19:57:21,254 task_scheduler 38616 9300 Action item 99999 not found for reminder
INFO 2025-08-26 19:57:21,256 task_scheduler 38616 9300 Successfully sent notification reminder for action item 1
WARNING 2025-08-26 19:57:21,260 task_scheduler 38616 9300 Action item 2 is overdue: Overdue task
INFO 2025-08-26 19:57:21,260 task_scheduler 38616 9300 Processed 1 overdue tasks
INFO 2025-08-26 19:57:21,264 task_scheduler 38616 9300 Cancelled reminders for action item 1
ERROR 2025-08-26 19:57:21,286 task_scheduler 38616 9300 Action item 99999 not found
INFO 2025-08-26 19:57:21,294 task_scheduler 38616 9300 Scheduled follow-up task and reminders for action item 1
INFO 2025-08-26 19:57:21,304 task_scheduler 38616 9300 Rescheduled action item 1 from 2025-09-02 to 2025-09-09, scheduled 2 reminders
INFO 2025-08-26 19:57:21,329 task_scheduler 38616 9300 Scheduled follow-up task and reminders for action item 1
ERROR 2025-08-26 19:57:21,333 task_scheduler 38616 9300 Error scheduling reminder for action item 1: 'datetime.date' object has no attribute 'date'
ERROR 2025-08-26 19:57:21,333 task_scheduler 38616 9300 Error scheduling reminder for action item 1: 'datetime.date' object has no attribute 'date'
ERROR 2025-08-26 19:57:21,339 task_scheduler 38616 9300 Error scheduling reminder for action item 1: 'datetime.date' object has no attribute 'date'
INFO 2025-08-26 19:57:21,342 task_scheduler 38616 9300 Email reminder sent to John Doe: Test message
INFO 2025-08-26 19:57:21,344 task_scheduler 38616 9300 Notification sent to John Doe: Test message
INFO 2025-08-26 19:57:21,346 task_scheduler 38616 9300 Webhook reminder sent for John Doe: Test message
INFO 2025-08-26 19:57:49,222 sync_tracker 40316 14180 Cleaned up sync tracking data older than 30 days
INFO 2025-08-26 19:57:49,242 sync_tracker 40316 14180 Tracked sync operation 1_meeting_outcome_1756218469.242773: meeting_outcome - success
INFO 2025-08-26 19:57:49,242 sync_tracker 40316 14180 Tracked sync operation 1_follow_up_tasks_1756218469.242773: follow_up_tasks - failed
INFO 2025-08-26 19:57:49,248 sync_tracker 40316 14180 Tracked sync operation 1_meeting_outcome_1756218469.2482: meeting_outcome - failed
INFO 2025-08-26 19:57:49,253 sync_tracker 40316 14180 Tracked sync operation 1_follow_up_tasks_1756218469.2482: follow_up_tasks - success
INFO 2025-08-26 19:57:49,258 sync_tracker 40316 14180 Tracked sync operation 1_meeting_outcome_1756218469.258108: meeting_outcome - failed
INFO 2025-08-26 19:57:49,267 sync_tracker 40316 14180 Tracked sync operation 1_meeting_outcome_1756218469.265833: meeting_outcome - success
INFO 2025-08-26 19:57:49,269 sync_tracker 40316 14180 Tracked sync operation 1_follow_up_tasks_1756218469.267848: follow_up_tasks - failed
INFO 2025-08-26 19:57:49,294 sync_tracker 40316 14180 Tracked sync operation 1_meeting_outcome_1756218469.294373: meeting_outcome - success
INFO 2025-08-26 19:57:49,304 sync_tracker 40316 14180 Tracked sync operation 1_meeting_outcome_1756218469.299748: meeting_outcome - success
INFO 2025-08-26 19:57:49,306 sync_tracker 40316 14180 Tracked sync operation 1_meeting_outcome_1756218469.304449: meeting_outcome - success
INFO 2025-08-26 19:57:49,309 sync_tracker 40316 14180 Tracked sync operation 1_meeting_outcome_1756218469.306498: meeting_outcome - success
INFO 2025-08-26 19:57:49,316 sync_tracker 40316 14180 Tracked sync operation 1_meeting_outcome_1756218469.314088: meeting_outcome - success
INFO 2025-08-26 19:57:49,317 sync_tracker 40316 14180 Tracked sync operation 2_meeting_outcome_1756218469.316258: meeting_outcome - success
INFO 2025-08-26 19:57:49,323 sync_tracker 40316 14180 Tracked sync operation 1_meeting_outcome_1756218469.317505: meeting_outcome - success
INFO 2025-08-26 19:58:15,224 sync_tracker 44084 8400 Cleaned up sync tracking data older than 30 days
INFO 2025-08-26 19:58:15,280 sync_tracker 44084 8400 Tracked sync operation 1_meeting_outcome_1756218495.277437: meeting_outcome - success
INFO 2025-08-26 19:58:15,284 sync_tracker 44084 8400 Tracked sync operation 1_follow_up_tasks_1756218495.281438: follow_up_tasks - failed
INFO 2025-08-26 19:58:15,299 sync_tracker 44084 8400 Tracked sync operation 1_meeting_outcome_1756218495.295883: meeting_outcome - failed
INFO 2025-08-26 19:58:15,303 sync_tracker 44084 8400 Tracked sync operation 1_follow_up_tasks_1756218495.299867: follow_up_tasks - success
INFO 2025-08-26 19:58:15,318 sync_tracker 44084 8400 Tracked sync operation 1_meeting_outcome_1756218495.314674: meeting_outcome - failed
INFO 2025-08-26 19:58:15,338 sync_tracker 44084 8400 Tracked sync operation 1_meeting_outcome_1756218495.334731: meeting_outcome - success
INFO 2025-08-26 19:58:15,342 sync_tracker 44084 8400 Tracked sync operation 1_follow_up_tasks_1756218495.339918: follow_up_tasks - failed
INFO 2025-08-26 19:58:15,361 sync_tracker 44084 8400 Tracked sync operation 1_follow_up_tasks_1756218495.358637: follow_up_tasks - failed
INFO 2025-08-26 19:58:15,369 sync_tracker 44084 8400 Tracked sync operation 1_follow_up_tasks_1756218495.364173: follow_up_tasks - success
INFO 2025-08-26 19:58:15,379 sync_tracker 44084 8400 Tracked sync operation 1_meeting_outcome_1756218495.374913: meeting_outcome - failed
INFO 2025-08-26 19:58:15,384 sync_tracker 44084 8400 Tracked sync operation 1_meeting_outcome_1756218495.380918: meeting_outcome - success
INFO 2025-08-26 19:58:15,393 sync_tracker 44084 8400 Tracked sync operation 1_meeting_outcome_1756218495.390557: meeting_outcome - success
INFO 2025-08-26 19:58:15,411 sync_tracker 44084 8400 Tracked sync operation 1_meeting_outcome_1756218495.406581: meeting_outcome - success
INFO 2025-08-26 19:58:15,414 sync_tracker 44084 8400 Tracked sync operation 1_meeting_outcome_1756218495.411746: meeting_outcome - success
INFO 2025-08-26 19:58:15,419 sync_tracker 44084 8400 Tracked sync operation 1_meeting_outcome_1756218495.415293: meeting_outcome - success
INFO 2025-08-26 19:58:15,433 sync_tracker 44084 8400 Tracked sync operation 1_meeting_outcome_1756218495.43047: meeting_outcome - success
INFO 2025-08-26 19:58:15,437 sync_tracker 44084 8400 Tracked sync operation 2_meeting_outcome_1756218495.43502: meeting_outcome - success
INFO 2025-08-26 19:58:15,449 sync_tracker 44084 8400 Tracked sync operation 1_meeting_outcome_1756218495.446512: meeting_outcome - success
INFO 2025-08-26 19:58:38,655 sync_tracker 30948 18832 Tracked sync operation 1_meeting_outcome_1756218518.638694: meeting_outcome - success
INFO 2025-08-26 19:58:38,657 sync_tracker 30948 18832 Tracked sync operation 1_follow_up_tasks_1756218518.655865: follow_up_tasks - failed
INFO 2025-08-26 19:58:48,658 task_scheduler 14960 31988 Cleaned up completed reminders
INFO 2025-08-26 19:58:48,658 task_scheduler 14960 31988 Skipping reminder for action item 1 - status: completed
INFO 2025-08-26 19:58:48,668 task_scheduler 14960 31988 Successfully sent email reminder for action item 1
ERROR 2025-08-26 19:58:48,674 task_scheduler 14960 31988 Action item 99999 not found for reminder
INFO 2025-08-26 19:58:48,674 task_scheduler 14960 31988 Successfully sent notification reminder for action item 1
WARNING 2025-08-26 19:58:48,682 task_scheduler 14960 31988 Action item 2 is overdue: Overdue task
INFO 2025-08-26 19:58:48,682 task_scheduler 14960 31988 Processed 1 overdue tasks
INFO 2025-08-26 19:58:48,689 task_scheduler 14960 31988 Cancelled reminders for action item 1
ERROR 2025-08-26 19:58:48,710 task_scheduler 14960 31988 Action item 99999 not found
INFO 2025-08-26 19:58:48,725 task_scheduler 14960 31988 Scheduled follow-up task and reminders for action item 1
INFO 2025-08-26 19:58:48,741 task_scheduler 14960 31988 Rescheduled action item 1 from 2025-09-02 to 2025-09-09, scheduled 2 reminders
INFO 2025-08-26 19:58:48,769 task_scheduler 14960 31988 Scheduled follow-up task and reminders for action item 1
INFO 2025-08-26 19:58:48,790 task_scheduler 14960 31988 Email reminder sent to John Doe: Test message
INFO 2025-08-26 19:58:48,792 task_scheduler 14960 31988 Notification sent to John Doe: Test message
INFO 2025-08-26 19:58:48,795 task_scheduler 14960 31988 Webhook reminder sent for John Doe: Test message
INFO 2025-08-26 19:58:48,798 sync_tracker 14960 31988 Cleaned up sync tracking data older than 30 days
INFO 2025-08-26 19:58:48,808 sync_tracker 14960 31988 Tracked sync operation 1_meeting_outcome_1756218528.80652: meeting_outcome - success
INFO 2025-08-26 19:58:48,811 sync_tracker 14960 31988 Tracked sync operation 1_follow_up_tasks_1756218528.808764: follow_up_tasks - failed
INFO 2025-08-26 19:58:48,822 sync_tracker 14960 31988 Tracked sync operation 1_meeting_outcome_1756218528.81905: meeting_outcome - failed
INFO 2025-08-26 19:58:48,822 sync_tracker 14960 31988 Tracked sync operation 1_follow_up_tasks_1756218528.822009: follow_up_tasks - success
INFO 2025-08-26 19:58:48,836 sync_tracker 14960 31988 Tracked sync operation 1_meeting_outcome_1756218528.828729: meeting_outcome - failed
INFO 2025-08-26 19:58:48,846 sync_tracker 14960 31988 Tracked sync operation 1_meeting_outcome_1756218528.846143: meeting_outcome - success
INFO 2025-08-26 19:58:48,853 sync_tracker 14960 31988 Tracked sync operation 1_follow_up_tasks_1756218528.846143: follow_up_tasks - failed
INFO 2025-08-26 19:58:48,868 sync_tracker 14960 31988 Tracked sync operation 1_follow_up_tasks_1756218528.866671: follow_up_tasks - failed
INFO 2025-08-26 19:58:48,868 sync_tracker 14960 31988 Tracked sync operation 1_follow_up_tasks_1756218528.868833: follow_up_tasks - success
INFO 2025-08-26 19:58:48,881 sync_tracker 14960 31988 Tracked sync operation 1_meeting_outcome_1756218528.881769: meeting_outcome - failed
INFO 2025-08-26 19:58:48,887 sync_tracker 14960 31988 Tracked sync operation 1_meeting_outcome_1756218528.887819: meeting_outcome - success
INFO 2025-08-26 19:58:48,898 sync_tracker 14960 31988 Tracked sync operation 1_meeting_outcome_1756218528.89828: meeting_outcome - success
INFO 2025-08-26 19:58:48,915 sync_tracker 14960 31988 Tracked sync operation 1_meeting_outcome_1756218528.913292: meeting_outcome - success
INFO 2025-08-26 19:58:48,917 sync_tracker 14960 31988 Tracked sync operation 1_meeting_outcome_1756218528.915535: meeting_outcome - success
INFO 2025-08-26 19:58:48,922 sync_tracker 14960 31988 Tracked sync operation 1_meeting_outcome_1756218528.919148: meeting_outcome - success
INFO 2025-08-26 19:58:48,931 sync_tracker 14960 31988 Tracked sync operation 1_meeting_outcome_1756218528.929792: meeting_outcome - success
INFO 2025-08-26 19:58:48,935 sync_tracker 14960 31988 Tracked sync operation 2_meeting_outcome_1756218528.932714: meeting_outcome - success
INFO 2025-08-26 19:58:48,944 sync_tracker 14960 31988 Tracked sync operation 1_meeting_outcome_1756218528.941514: meeting_outcome - success
INFO 2025-08-27 23:38:27,118 call_bot_service 5796 47116 Starting bot session meet_1756318107 for meet
INFO 2025-08-27 23:38:27,118 call_bot_service 5796 47116 Authenticating with Google Meet
INFO 2025-08-27 23:38:27,231 call_bot_service 5796 47116 Joining Google Meet: https://meet.google.com/test-meeting
INFO 2025-08-27 23:38:27,733 call_bot_service 5796 47116 Successfully joined Google Meet session meet_1756318107
INFO 2025-08-27 23:38:27,734 call_bot_service 5796 47116 Bot successfully joined meeting meet_1756318107
INFO 2025-08-27 23:38:27,734 call_bot_service 5796 47116 Left Google Meet session meet_1756318107
INFO 2025-08-27 23:38:27,734 call_bot_service 5796 47116 Ended bot session meet_1756318107
INFO 2025-08-27 23:38:27,751 call_bot_service 5796 47116 Starting bot session meet_1756318107 for meet
INFO 2025-08-27 23:38:27,754 call_bot_service 5796 47116 Authenticating with Google Meet
INFO 2025-08-27 23:38:27,868 call_bot_service 5796 47116 Joining Google Meet: https://meet.google.com/test-meeting
INFO 2025-08-27 23:38:28,383 call_bot_service 5796 47116 Successfully joined Google Meet session meet_1756318107
INFO 2025-08-27 23:38:28,384 call_bot_service 5796 47116 Bot successfully joined meeting meet_1756318107
INFO 2025-08-27 23:38:28,386 call_bot_service 5796 47116 Starting bot session meet_1756318108 for meet
INFO 2025-08-27 23:38:28,388 call_bot_service 5796 47116 Authenticating with Google Meet
INFO 2025-08-27 23:38:28,500 call_bot_service 5796 47116 Joining Google Meet: https://meet.google.com/test-meeting
INFO 2025-08-27 23:38:29,001 call_bot_service 5796 47116 Successfully joined Google Meet session meet_1756318108
INFO 2025-08-27 23:38:29,002 call_bot_service 5796 47116 Bot successfully joined meeting meet_1756318108
INFO 2025-08-27 23:38:29,002 call_bot_service 5796 47116 Reconnecting session meet_1756318108 in 2 seconds (attempt 1)
INFO 2025-08-27 23:38:31,018 call_bot_service 5796 47116 Joining Google Meet: https://meet.google.com/test-meeting
INFO 2025-08-27 23:38:31,535 call_bot_service 5796 47116 Successfully joined Google Meet session meet_1756318108
INFO 2025-08-27 23:38:31,537 call_bot_service 5796 47116 Successfully reconnected session meet_1756318108
INFO 2025-08-27 23:38:31,539 call_bot_service 5796 47116 Starting bot session meet_1756318111 for meet
INFO 2025-08-27 23:38:31,539 call_bot_service 5796 47116 Authenticating with Google Meet
INFO 2025-08-27 23:38:31,651 call_bot_service 5796 47116 Joining Google Meet: https://meet.google.com/test-meeting
INFO 2025-08-27 23:38:32,166 call_bot_service 5796 47116 Successfully joined Google Meet session meet_1756318111
INFO 2025-08-27 23:38:32,166 call_bot_service 5796 47116 Bot successfully joined meeting meet_1756318111
ERROR 2025-08-27 23:38:32,166 call_bot_service 5796 47116 Max reconnection attempts reached for session meet_1756318111
INFO 2025-08-27 23:38:32,167 call_bot_service 5796 47116 Starting bot session meet_1756318112 for meet
INFO 2025-08-27 23:38:32,167 call_bot_service 5796 47116 Authenticating with Google Meet
INFO 2025-08-27 23:38:32,283 call_bot_service 5796 47116 Joining Google Meet: https://meet.google.com/test-meeting
INFO 2025-08-27 23:38:32,785 call_bot_service 5796 47116 Successfully joined Google Meet session meet_1756318112
INFO 2025-08-27 23:38:32,785 call_bot_service 5796 47116 Bot successfully joined meeting meet_1756318112
INFO 2025-08-27 23:38:32,788 call_bot_service 5796 47116 Starting bot session teams_1756318112 for teams
INFO 2025-08-27 23:38:32,788 call_bot_service 5796 47116 Authenticating with Microsoft Teams
INFO 2025-08-27 23:38:32,901 call_bot_service 5796 47116 Joining Teams meeting: https://example.com/meeting
INFO 2025-08-27 23:38:33,619 call_bot_service 5796 47116 Successfully joined Teams session teams_1756318112
INFO 2025-08-27 23:38:33,621 call_bot_service 5796 47116 Bot successfully joined meeting teams_1756318112
INFO 2025-08-27 23:38:33,629 call_bot_service 5796 47116 Starting bot session meet_1756318113 for meet
INFO 2025-08-27 23:38:33,630 call_bot_service 5796 47116 Authenticating with Google Meet
INFO 2025-08-27 23:38:33,734 call_bot_service 5796 47116 Joining Google Meet: https://meet.google.com/test1
INFO 2025-08-27 23:38:34,250 call_bot_service 5796 47116 Successfully joined Google Meet session meet_1756318113
INFO 2025-08-27 23:38:34,250 call_bot_service 5796 47116 Bot successfully joined meeting meet_1756318113
INFO 2025-08-27 23:38:34,251 call_bot_service 5796 47116 Starting bot session teams_1756318114 for teams
INFO 2025-08-27 23:38:34,251 call_bot_service 5796 47116 Authenticating with Microsoft Teams
INFO 2025-08-27 23:38:34,368 call_bot_service 5796 47116 Joining Teams meeting: https://teams.microsoft.com/test2
INFO 2025-08-27 23:38:35,082 call_bot_service 5796 47116 Successfully joined Teams session teams_1756318114
INFO 2025-08-27 23:38:35,082 call_bot_service 5796 47116 Bot successfully joined meeting teams_1756318114
INFO 2025-08-27 23:38:35,084 call_bot_service 5796 47116 Starting bot session zoom_1756318115 for zoom
INFO 2025-08-27 23:38:35,084 call_bot_service 5796 47116 Authenticating with Zoom
INFO 2025-08-27 23:38:35,200 call_bot_service 5796 47116 Joining Zoom meeting: https://zoom.us/j/123
INFO 2025-08-27 23:38:35,519 call_bot_service 5796 47116 Successfully joined Zoom session zoom_1756318115
INFO 2025-08-27 23:38:35,520 call_bot_service 5796 47116 Bot successfully joined meeting zoom_1756318115
INFO 2025-08-27 23:38:35,520 call_bot_service 5796 47116 Left Zoom session zoom_1756318115
INFO 2025-08-27 23:38:35,520 call_bot_service 5796 47116 Ended bot session zoom_1756318115
INFO 2025-08-27 23:38:35,531 call_bot_service 5796 47116 Starting bot session meet_1756318115 for meet
INFO 2025-08-27 23:38:35,531 call_bot_service 5796 47116 Authenticating with Google Meet
INFO 2025-08-27 23:38:35,633 call_bot_service 5796 47116 Joining Google Meet: https://meet.google.com/test-meeting
INFO 2025-08-27 23:38:36,149 call_bot_service 5796 47116 Successfully joined Google Meet session meet_1756318115
INFO 2025-08-27 23:38:36,150 call_bot_service 5796 47116 Bot successfully joined meeting meet_1756318115
INFO 2025-08-27 23:38:36,151 call_bot_service 5796 47116 Started transcription for session meet_1756318115
INFO 2025-08-27 23:38:36,152 call_bot_service 5796 47116 Started transcription for session meet_1756318115
ERROR 2025-08-27 23:38:36,152 call_bot_service 5796 47116 Error starting transcription: Session invalid_session not found
INFO 2025-08-27 23:38:36,156 call_bot_service 5796 47116 Starting bot session meet_1756318116 for meet
INFO 2025-08-27 23:38:36,157 call_bot_service 5796 47116 Authenticating with Google Meet
INFO 2025-08-27 23:38:36,265 call_bot_service 5796 47116 Joining Google Meet: https://meet.google.com/test-meeting
INFO 2025-08-27 23:38:36,768 call_bot_service 5796 47116 Successfully joined Google Meet session meet_1756318116
INFO 2025-08-27 23:38:36,769 call_bot_service 5796 47116 Bot successfully joined meeting meet_1756318116
ERROR 2025-08-27 23:38:36,770 call_bot_service 5796 47116 Error starting transcription: Session meet_1756318116 is not connected
INFO 2025-08-27 23:38:36,779 call_bot_service 5796 47116 Starting bot session meet_1756318116 for meet
INFO 2025-08-27 23:38:36,780 call_bot_service 5796 47116 Authenticating with Google Meet
INFO 2025-08-27 23:38:36,781 call_bot_service 5796 47116 Joining Google Meet: https://meet.google.com/test
ERROR 2025-08-27 23:38:36,782 call_bot_service 5796 47116 Failed to join Google Meet: Stop loop
ERROR 2025-08-27 23:38:36,783 call_bot_service 5796 47116 Error joining meeting: Failed to join meeting
INFO 2025-08-27 23:38:36,873 call_bot_service 5796 47116 Authenticating with Google Meet
INFO 2025-08-27 23:38:36,987 call_bot_service 5796 47116 Joining Google Meet: https://meet.google.com/test
INFO 2025-08-27 23:38:37,501 call_bot_service 5796 47116 Successfully joined Google Meet session test_session_123
INFO 2025-08-27 23:38:37,501 call_bot_service 5796 47116 Joining Google Meet: https://meet.google.com/test
INFO 2025-08-27 23:38:38,016 call_bot_service 5796 47116 Successfully joined Google Meet session test_session_123
INFO 2025-08-27 23:38:38,025 call_bot_service 5796 47116 Joining Google Meet: https://meet.google.com/test
INFO 2025-08-27 23:38:38,535 call_bot_service 5796 47116 Successfully joined Google Meet session test_session_123
INFO 2025-08-27 23:38:38,536 call_bot_service 5796 47116 Left Google Meet session test_session_123
INFO 2025-08-27 23:38:38,541 call_bot_service 5796 47116 Joining Google Meet: https://meet.google.com/test
INFO 2025-08-27 23:38:39,053 call_bot_service 5796 47116 Successfully joined Google Meet session test_session_123
INFO 2025-08-27 23:38:39,053 call_bot_service 5796 47116 Started transcription for session test_session_123
ERROR 2025-08-27 23:38:39,059 call_bot_service 5796 47116 Failed to start transcription: Session invalid_session not found
INFO 2025-08-27 23:38:39,064 call_bot_service 5796 47116 Authenticating with Microsoft Teams
INFO 2025-08-27 23:38:39,173 call_bot_service 5796 47116 Joining Teams meeting: https://teams.microsoft.com/l/meetup-join/test
INFO 2025-08-27 23:38:39,883 call_bot_service 5796 47116 Successfully joined Teams session test_session_123
INFO 2025-08-27 23:38:39,886 call_bot_service 5796 47116 Joining Teams meeting: https://teams.microsoft.com/l/meetup-join/test
INFO 2025-08-27 23:38:40,601 call_bot_service 5796 47116 Successfully joined Teams session test_session_123
INFO 2025-08-27 23:38:40,602 call_bot_service 5796 47116 Started transcription for Teams session test_session_123
INFO 2025-08-27 23:38:40,620 call_bot_service 5796 47116 Authenticating with Zoom
INFO 2025-08-27 23:38:40,734 call_bot_service 5796 47116 Joining Zoom meeting: https://zoom.us/j/1234567890
INFO 2025-08-27 23:38:41,051 call_bot_service 5796 47116 Successfully joined Zoom session test_session_123
INFO 2025-08-27 23:38:41,052 call_bot_service 5796 47116 Joining Zoom meeting: https://zoom.us/j/1234567890
INFO 2025-08-27 23:38:41,366 call_bot_service 5796 47116 Successfully joined Zoom session test_session_123
INFO 2025-08-27 23:38:41,367 call_bot_service 5796 47116 Started transcription for Zoom session test_session_123
INFO 2025-08-28 11:29:26,429 transcription_service 32152 41636 Initializing mock transcription engine
INFO 2025-08-28 11:29:26,541 transcription_service 32152 41636 Transcription service initialized with mock engine
INFO 2025-08-28 11:29:26,542 transcription_service 32152 41636 Started transcription for session test_session
INFO 2025-08-28 11:29:26,609 transcription_service 32152 41636 Identified new speaker: Alice Johnson (speaker_9469a21a)
INFO 2025-08-28 11:29:27,035 transcription_service 32152 41636 Stopped transcription for session test_session
INFO 2025-08-28 11:29:27,037 transcription_service 32152 41636 Cleaning up mock transcription engine
INFO 2025-08-28 11:29:27,037 transcription_service 32152 41636 Transcription service cleaned up
INFO 2025-08-28 11:30:09,637 transcription_service 41468 25440 Initializing mock transcription engine
INFO 2025-08-28 11:30:09,742 transcription_service 41468 25440 Transcription service initialized with mock engine
INFO 2025-08-28 11:30:09,744 transcription_service 41468 25440 Started transcription for session test_session
INFO 2025-08-28 11:30:09,795 transcription_service 41468 25440 Identified new speaker: Alice Johnson (speaker_ddb7f824)
ERROR 2025-08-28 11:30:10,744 transcription_service 41468 25440 Failed to process audio chunk: Transcription session nonexistent not found
INFO 2025-08-28 11:30:10,744 transcription_service 41468 25440 Stopped transcription for session test_session
INFO 2025-08-28 11:30:10,744 transcription_service 41468 25440 Cleaning up mock transcription engine
INFO 2025-08-28 11:30:10,744 transcription_service 41468 25440 Transcription service cleaned up
INFO 2025-08-28 11:30:56,248 transcription_service 19248 35224 Initializing mock transcription engine
INFO 2025-08-28 11:30:56,359 transcription_service 19248 35224 Transcription service initialized with mock engine
INFO 2025-08-28 11:30:56,360 transcription_service 19248 35224 Started transcription for session quality_test
INFO 2025-08-28 11:30:56,416 transcription_service 19248 35224 Identified new speaker: Alice Johnson (speaker_98f761c8)
INFO 2025-08-28 11:30:58,374 transcription_service 19248 35224 Stopped transcription for session quality_test
INFO 2025-08-28 11:30:58,374 transcription_service 19248 35224 Cleaning up mock transcription engine
INFO 2025-08-28 11:30:58,374 transcription_service 19248 35224 Transcription service cleaned up
INFO 2025-08-28 11:30:58,377 transcription_service 19248 35224 Initializing mock transcription engine
INFO 2025-08-28 11:30:58,479 transcription_service 19248 35224 Transcription service initialized with mock engine
INFO 2025-08-28 11:30:58,481 transcription_service 19248 35224 Started transcription for session session_0
INFO 2025-08-28 11:30:58,481 transcription_service 19248 35224 Started transcription for session session_1
INFO 2025-08-28 11:30:58,483 transcription_service 19248 35224 Started transcription for session session_2
INFO 2025-08-28 11:30:58,545 transcription_service 19248 35224 Identified new speaker: Alice Johnson (speaker_98f761c8)
INFO 2025-08-28 11:30:58,991 transcription_service 19248 35224 Stopped transcription for session session_0
INFO 2025-08-28 11:30:58,992 transcription_service 19248 35224 Stopped transcription for session session_1
INFO 2025-08-28 11:30:58,992 transcription_service 19248 35224 Stopped transcription for session session_2
INFO 2025-08-28 11:30:58,994 transcription_service 19248 35224 Cleaning up mock transcription engine
INFO 2025-08-28 11:30:58,995 transcription_service 19248 35224 Transcription service cleaned up
INFO 2025-08-28 11:30:58,996 transcription_service 19248 35224 Initializing mock transcription engine
INFO 2025-08-28 11:30:59,109 transcription_service 19248 35224 Transcription service initialized with mock engine
INFO 2025-08-28 11:30:59,109 transcription_service 19248 35224 Started transcription for session error_test
ERROR 2025-08-28 11:30:59,111 transcription_service 19248 35224 Failed to process audio chunk: Transcription session nonexistent not found
WARNING 2025-08-28 11:30:59,111 transcription_service 19248 35224 Transcription error in session error_test: Test error 0
WARNING 2025-08-28 11:30:59,111 transcription_service 19248 35224 Transcription error in session error_test: Test error 1
WARNING 2025-08-28 11:30:59,113 transcription_service 19248 35224 Transcription error in session error_test: Test error 2
WARNING 2025-08-28 11:30:59,113 transcription_service 19248 35224 Audio queue full for session error_test, dropping oldest chunk
WARNING 2025-08-28 11:30:59,113 transcription_service 19248 35224 Audio queue full for session error_test, dropping oldest chunk
WARNING 2025-08-28 11:30:59,117 transcription_service 19248 35224 Audio queue full for session error_test, dropping oldest chunk
WARNING 2025-08-28 11:30:59,117 transcription_service 19248 35224 Audio queue full for session error_test, dropping oldest chunk
WARNING 2025-08-28 11:30:59,117 transcription_service 19248 35224 Audio queue full for session error_test, dropping oldest chunk
INFO 2025-08-28 11:30:59,119 transcription_service 19248 35224 Stopped transcription for session error_test
INFO 2025-08-28 11:30:59,121 transcription_service 19248 35224 Cleaning up mock transcription engine
INFO 2025-08-28 11:30:59,122 transcription_service 19248 35224 Transcription service cleaned up
INFO 2025-08-28 11:30:59,124 transcription_service 19248 35224 Initializing mock transcription engine
INFO 2025-08-28 11:30:59,227 transcription_service 19248 35224 Transcription service initialized with mock engine
INFO 2025-08-28 11:30:59,228 transcription_service 19248 35224 Started transcription for session speaker_test
INFO 2025-08-28 11:30:59,280 transcription_service 19248 35224 Identified new speaker: Alice Johnson (speaker_ddb7f824)
INFO 2025-08-28 11:30:59,344 transcription_service 19248 35224 Identified new speaker: Bob Smith (speaker_98f761c8)
INFO 2025-08-28 11:30:59,742 transcription_service 19248 35224 Stopped transcription for session speaker_test
INFO 2025-08-28 11:30:59,742 transcription_service 19248 35224 Cleaning up mock transcription engine
INFO 2025-08-28 11:30:59,744 transcription_service 19248 35224 Transcription service cleaned up
INFO 2025-08-28 11:32:56,045 transcription_service 6408 32676 Initializing mock transcription engine
INFO 2025-08-28 11:32:56,148 transcription_service 6408 32676 Transcription service initialized with mock engine
INFO 2025-08-28 11:32:56,150 transcription_service 6408 32676 Started transcription for session quality_test
INFO 2025-08-28 11:32:56,203 transcription_service 6408 32676 Identified new speaker: Alice Johnson (speaker_98f761c8)
INFO 2025-08-28 11:32:57,155 transcription_service 6408 32676 Stopped transcription for session quality_test
INFO 2025-08-28 11:32:57,155 transcription_service 6408 32676 Cleaning up mock transcription engine
INFO 2025-08-28 11:32:57,155 transcription_service 6408 32676 Transcription service cleaned up
INFO 2025-08-28 11:32:57,155 transcription_service 6408 32676 Initializing mock transcription engine
INFO 2025-08-28 11:32:57,269 transcription_service 6408 32676 Transcription service initialized with mock engine
INFO 2025-08-28 11:32:57,271 transcription_service 6408 32676 Started transcription for session overflow_test
WARNING 2025-08-28 11:32:57,271 transcription_service 6408 32676 Audio queue full for session overflow_test, dropping oldest chunk
WARNING 2025-08-28 11:32:57,273 transcription_service 6408 32676 Audio queue full for session overflow_test, dropping oldest chunk
WARNING 2025-08-28 11:32:57,273 transcription_service 6408 32676 Audio queue full for session overflow_test, dropping oldest chunk
WARNING 2025-08-28 11:32:57,275 transcription_service 6408 32676 Audio queue full for session overflow_test, dropping oldest chunk
WARNING 2025-08-28 11:32:57,276 transcription_service 6408 32676 Audio queue full for session overflow_test, dropping oldest chunk
INFO 2025-08-28 11:32:57,277 transcription_service 6408 32676 Stopped transcription for session overflow_test
INFO 2025-08-28 11:32:57,277 transcription_service 6408 32676 Cleaning up mock transcription engine
INFO 2025-08-28 11:32:57,277 transcription_service 6408 32676 Transcription service cleaned up
INFO 2025-08-28 11:32:57,284 transcription_service 6408 32676 Initializing mock transcription engine
INFO 2025-08-28 11:32:57,389 transcription_service 6408 32676 Transcription service initialized with mock engine
INFO 2025-08-28 11:32:57,390 transcription_service 6408 32676 Started transcription for session test_session
INFO 2025-08-28 11:32:57,442 transcription_service 6408 32676 Identified new speaker: Alice Johnson (speaker_ddb7f824)
INFO 2025-08-28 11:32:57,883 transcription_service 6408 32676 Stopped transcription for session test_session
INFO 2025-08-28 11:32:57,884 transcription_service 6408 32676 Cleaning up mock transcription engine
INFO 2025-08-28 11:32:57,885 transcription_service 6408 32676 Transcription service cleaned up
INFO 2025-08-28 11:32:57,888 transcription_service 6408 32676 Initializing mock transcription engine
INFO 2025-08-28 11:32:57,997 transcription_service 6408 32676 Transcription service initialized with mock engine
INFO 2025-08-28 11:32:57,998 transcription_service 6408 32676 Started transcription for session session_0
INFO 2025-08-28 11:32:57,999 transcription_service 6408 32676 Started transcription for session session_1
INFO 2025-08-28 11:32:58,061 transcription_service 6408 32676 Identified new speaker: Alice Johnson (speaker_98f761c8)
INFO 2025-08-28 11:32:58,511 transcription_service 6408 32676 Stopped transcription for session session_0
INFO 2025-08-28 11:32:58,511 transcription_service 6408 32676 Stopped transcription for session session_1
INFO 2025-08-28 11:32:58,513 transcription_service 6408 32676 Cleaning up mock transcription engine
INFO 2025-08-28 11:32:58,513 transcription_service 6408 32676 Transcription service cleaned up
INFO 2025-08-28 11:32:58,515 transcription_service 6408 32676 Initializing mock transcription engine
INFO 2025-08-28 11:32:58,617 transcription_service 6408 32676 Transcription service initialized with mock engine
ERROR 2025-08-28 11:32:58,618 transcription_service 6408 32676 Failed to process audio chunk: Transcription session nonexistent not found
INFO 2025-08-28 11:32:58,618 transcription_service 6408 32676 Cleaning up mock transcription engine
INFO 2025-08-28 11:32:58,618 transcription_service 6408 32676 Transcription service cleaned up
INFO 2025-08-28 11:32:58,618 transcription_service 6408 32676 Initializing mock transcription engine
INFO 2025-08-28 11:32:58,725 transcription_service 6408 32676 Transcription service initialized with mock engine
INFO 2025-08-28 11:32:58,725 transcription_service 6408 32676 Cleaning up mock transcription engine
INFO 2025-08-28 11:32:58,725 transcription_service 6408 32676 Transcription service cleaned up
ERROR 2025-08-28 11:32:58,773 base_events 6408 32676 Task was destroyed but it is pending!
task: <Task cancelling name='Task-9' coro=<Queue.get() running at C:\Users\Lenovo\AppData\Local\Programs\Python\Python311\Lib\asyncio\queues.py:158> wait_for=<Future cancelled>>
ERROR 2025-08-28 11:32:58,773 base_events 6408 32676 Task was destroyed but it is pending!
task: <Task cancelling name='Task-2' coro=<TranscriptionService._process_audio_stream() done, defined at A:\Personal_projects\Nia_With_N8n\meetings\transcription_service.py:520> wait_for=<Future pending cb=[Task.task_wakeup()]>>
ERROR 2025-08-28 11:32:58,773 base_events 6408 32676 Task was destroyed but it is pending!
task: <Task cancelling name='Task-19' coro=<Queue.get() running at C:\Users\Lenovo\AppData\Local\Programs\Python\Python311\Lib\asyncio\queues.py:158> wait_for=<Future cancelled>>
ERROR 2025-08-28 11:32:58,775 base_events 6408 32676 Task was destroyed but it is pending!
task: <Task cancelling name='Task-14' coro=<TranscriptionService._process_audio_stream() done, defined at A:\Personal_projects\Nia_With_N8n\meetings\transcription_service.py:520> wait_for=<Future pending cb=[Task.task_wakeup()]>>
ERROR 2025-08-28 11:32:58,776 base_events 6408 32676 Task was destroyed but it is pending!
task: <Task cancelling name='Task-29' coro=<Queue.get() running at C:\Users\Lenovo\AppData\Local\Programs\Python\Python311\Lib\asyncio\queues.py:158> wait_for=<Future cancelled>>
ERROR 2025-08-28 11:32:58,776 base_events 6408 32676 Task was destroyed but it is pending!
task: <Task cancelling name='Task-21' coro=<TranscriptionService._process_audio_stream() done, defined at A:\Personal_projects\Nia_With_N8n\meetings\transcription_service.py:520> wait_for=<Future pending cb=[Task.task_wakeup()]>>
ERROR 2025-08-28 11:32:58,776 base_events 6408 32676 Task was destroyed but it is pending!
task: <Task cancelling name='Task-30' coro=<Queue.get() running at C:\Users\Lenovo\AppData\Local\Programs\Python\Python311\Lib\asyncio\queues.py:158> wait_for=<Future cancelled>>
ERROR 2025-08-28 11:32:58,777 base_events 6408 32676 Task was destroyed but it is pending!
task: <Task cancelling name='Task-23' coro=<TranscriptionService._process_audio_stream() done, defined at A:\Personal_projects\Nia_With_N8n\meetings\transcription_service.py:520> wait_for=<Future pending cb=[Task.task_wakeup()]>>
ERROR 2025-08-28 11:37:02,874 call_session_manager 32340 35820 Failed to start call session: You cannot call this from an async context - use a thread or sync_to_async.
ERROR 2025-08-28 11:37:02,885 call_session_manager 32340 35820 Failed to start call session: You cannot call this from an async context - use a thread or sync_to_async.
ERROR 2025-08-28 11:37:02,904 call_session_manager 32340 35820 Failed to start call session: You cannot call this from an async context - use a thread or sync_to_async.
ERROR 2025-08-28 11:37:02,931 call_session_manager 32340 35820 Failed to start call session: You cannot call this from an async context - use a thread or sync_to_async.
ERROR 2025-08-28 11:37:02,944 call_session_manager 32340 35820 Failed to start call session: You cannot call this from an async context - use a thread or sync_to_async.
ERROR 2025-08-28 11:37:02,951 call_session_manager 32340 35820 Failed to start call session: You cannot call this from an async context - use a thread or sync_to_async.
ERROR 2025-08-28 11:37:02,957 call_session_manager 32340 35820 Failed to start call session: You cannot call this from an async context - use a thread or sync_to_async.
ERROR 2025-08-28 11:37:02,969 call_session_manager 32340 35820 Failed to start call session: You cannot call this from an async context - use a thread or sync_to_async.
ERROR 2025-08-28 11:39:15,751 call_session_manager 37256 18472 Failed to start call session: database table is locked: meetings_meeting
WARNING 2025-08-28 11:57:15,064 ai_summary_service 39692 48796 No transcript available for bot session 1
ERROR 2025-08-28 11:57:15,071 ai_summary_service 39692 48796 Failed to generate draft summary: You cannot call this from an async context - use a thread or sync_to_async.
ERROR 2025-08-28 11:57:15,075 ai_summary_service 39692 48796 Failed to generate draft summary: You cannot call this from an async context - use a thread or sync_to_async.
ERROR 2025-08-28 11:57:15,085 ai_summary_service 39692 48796 Failed to initialize transcription service
INFO 2025-08-28 11:57:15,087 ai_summary_service 39692 48796 AI summary service initialized successfully
ERROR 2025-08-28 13:40:04,907 log 9252 40352 Internal Server Error: /api/meetings/summaries/1/crm-suggestions/
WARNING 2025-08-28 14:05:36,012 log 31048 18784 Unauthorized: /api/meetings/validation-sessions/
WARNING 2025-08-28 14:05:36,027 log 31048 18784 Unauthorized: /api/meetings/validation-sessions/list/
WARNING 2025-08-28 14:05:36,029 log 31048 18784 Unauthorized: /api/meetings/validation-sessions/expire-old/
WARNING 2025-08-28 14:05:36,334 log 31048 18784 Bad Request: /api/meetings/validation-sessions/1/complete/
WARNING 2025-08-28 14:05:36,972 log 31048 18784 Bad Request: /api/meetings/validation-sessions/
WARNING 2025-08-28 14:05:38,750 log 31048 18784 Not Found: /api/meetings/validation-sessions/99999/
WARNING 2025-08-28 14:05:39,352 log 31048 18784 Bad Request: /api/meetings/validation-sessions/list/
WARNING 2025-08-28 14:05:40,305 log 31048 18784 Bad Request: /api/meetings/validation-sessions/1/submit-response/
WARNING 2025-08-28 15:08:16,574 log 46896 36480 Unauthorized: /api/meetings/validation-sessions/
WARNING 2025-08-28 15:08:16,599 log 46896 36480 Unauthorized: /api/meetings/validation-sessions/list/
WARNING 2025-08-28 15:08:16,602 log 46896 36480 Unauthorized: /api/meetings/validation-sessions/expire-old/
WARNING 2025-08-28 15:08:17,030 log 46896 36480 Bad Request: /api/meetings/validation-sessions/1/complete/
WARNING 2025-08-28 15:08:17,549 log 46896 36480 Bad Request: /api/meetings/validation-sessions/
WARNING 2025-08-28 15:08:18,751 log 46896 36480 Not Found: /api/meetings/validation-sessions/99999/
WARNING 2025-08-28 15:08:19,186 log 46896 36480 Bad Request: /api/meetings/validation-sessions/list/
WARNING 2025-08-28 15:08:19,705 log 46896 36480 Bad Request: /api/meetings/validation-sessions/1/submit-response/
WARNING 2025-08-28 15:10:25,456 log 20580 13476 Bad Request: /api/meetings/validation-sessions/1/submit-response/
WARNING 2025-08-28 15:10:52,282 log 42240 18152 Bad Request: /api/meetings/validation-sessions/1/submit-response/
WARNING 2025-08-28 15:11:18,075 log 42500 39464 Bad Request: /api/meetings/validation-sessions/1/submit-response/
WARNING 2025-08-28 15:11:41,432 log 32808 17864 Bad Request: /api/meetings/validation-sessions/1/submit-response/
WARNING 2025-08-28 15:12:08,331 log 40716 432 Bad Request: /api/meetings/validation-sessions/1/submit-response/
WARNING 2025-08-28 15:12:32,857 log 50224 32120 Bad Request: /api/meetings/validation-sessions/1/submit-response/
WARNING 2025-08-28 15:13:16,064 log 48908 46296 Unauthorized: /api/meetings/validation-sessions/
WARNING 2025-08-28 15:13:16,077 log 48908 46296 Unauthorized: /api/meetings/validation-sessions/list/
WARNING 2025-08-28 15:13:16,085 log 48908 46296 Unauthorized: /api/meetings/validation-sessions/expire-old/
WARNING 2025-08-28 15:13:16,345 log 48908 46296 Bad Request: /api/meetings/validation-sessions/1/complete/
WARNING 2025-08-28 15:13:16,795 log 48908 46296 Bad Request: /api/meetings/validation-sessions/
WARNING 2025-08-28 15:13:17,862 log 48908 46296 Not Found: /api/meetings/validation-sessions/99999/
WARNING 2025-08-28 15:13:18,279 log 48908 46296 Bad Request: /api/meetings/validation-sessions/list/
WARNING 2025-08-28 15:13:18,754 log 48908 46296 Bad Request: /api/meetings/validation-sessions/1/submit-response/
ERROR 2025-08-28 15:48:51,182 crm_service 43552 1296 CRM sync failed for validation session 1: API connection failed
INFO 2025-08-28 15:48:51,207 crm_service 43552 1296 Successfully synced validation session 1 to CRMSystem.SALESFORCE
INFO 2025-08-28 15:48:51,227 crm_service 43552 1296 Successfully synced validation session 1 to CRMSystem.SALESFORCE
INFO 2025-08-28 15:48:51,235 crm_service 43552 1296 Successfully synced validation session 1 to CRMSystem.CREATIO
INFO 2025-08-28 15:49:50,109 crm_service 42460 35960 Created follow-up task for validation session 1
INFO 2025-08-28 15:50:01,736 crm_service 31932 11716 Created follow-up task for validation session 1
ERROR 2025-08-28 15:50:01,796 crm_service 31932 11716 CRM sync failed for validation session 1: API connection failed
INFO 2025-08-28 15:50:01,825 crm_service 31932 11716 Successfully synced validation session 1 to CRMSystem.SALESFORCE
INFO 2025-08-28 15:50:01,835 crm_service 31932 11716 Successfully synced validation session 1 to CRMSystem.SALESFORCE
INFO 2025-08-28 15:50:01,842 crm_service 31932 11716 Successfully synced validation session 1 to CRMSystem.CREATIO
WARNING 2025-08-28 15:50:02,002 crm_service 31932 11716 Rate limit reached for salesforce, sleeping for 59.90s
INFO 2025-08-28 15:54:30,673 crm_service 51400 12348 Created follow-up task for validation session 1
ERROR 2025-08-28 15:54:30,755 crm_service 51400 12348 CRM sync failed for validation session 1: API connection failed
INFO 2025-08-28 15:54:30,784 crm_service 51400 12348 Successfully synced validation session 1 to CRMSystem.SALESFORCE
INFO 2025-08-28 15:54:30,805 crm_service 51400 12348 Successfully synced validation session 1 to CRMSystem.SALESFORCE
INFO 2025-08-28 15:54:30,815 crm_service 51400 12348 Successfully synced validation session 1 to CRMSystem.CREATIO
ERROR 2025-08-28 15:54:31,982 crm_service 51400 12348 Creatio authentication failed: 503 Server Error: Service Unavailable for url: https://test.creatio.com/0/ServiceModel/AuthService.svc/Login
ERROR 2025-08-28 15:54:32,025 crm_service 51400 12348 Authentication failed for salesforce: Invalid URL '/services/oauth2/token': No scheme supplied. Perhaps you meant https:///services/oauth2/token?
WARNING 2025-08-28 15:54:32,131 crm_service 51400 12348 Rate limit reached for salesforce, sleeping for 59.90s
WARNING 2025-08-28 15:56:31,283 crm_service 20012 23660 API request failed (attempt 1), retrying in 1s: Connection error
WARNING 2025-08-28 15:56:32,284 crm_service 20012 23660 API request failed (attempt 2), retrying in 2s: Connection error
WARNING 2025-08-28 15:56:34,286 crm_service 20012 23660 API request failed (attempt 3), retrying in 4s: Connection error
ERROR 2025-08-28 15:56:38,288 crm_service 20012 23660 API request failed after 3 retries: Connection error
ERROR 2025-08-28 15:56:38,290 crm_service 20012 23660 Authentication failed for salesforce: Invalid URL '/services/oauth2/token': No scheme supplied. Perhaps you meant https:///services/oauth2/token?
WARNING 2025-08-28 15:56:38,296 crm_service 20012 23660 Rate limited by salesforce, waiting 1s
WARNING 2025-08-28 15:56:38,296 crm_service 20012 23660 Rate limited by salesforce, waiting 1s
WARNING 2025-08-28 15:56:38,296 crm_service 20012 23660 Rate limited by salesforce, waiting 1s
WARNING 2025-08-28 15:56:38,296 crm_service 20012 23660 Rate limited by salesforce, waiting 1s
INFO 2025-08-28 15:56:47,623 crm_service 9376 14780 Successfully authenticated with Creatio
INFO 2025-08-28 15:57:01,428 crm_service 49844 12480 Created follow-up task for validation session 1
ERROR 2025-08-28 15:57:01,480 crm_service 49844 12480 CRM sync failed for validation session 1: API connection failed
INFO 2025-08-28 15:57:01,503 crm_service 49844 12480 Successfully synced validation session 1 to CRMSystem.SALESFORCE
INFO 2025-08-28 15:57:01,516 crm_service 49844 12480 Successfully synced validation session 1 to CRMSystem.SALESFORCE
INFO 2025-08-28 15:57:01,522 crm_service 49844 12480 Successfully synced validation session 1 to CRMSystem.CREATIO
INFO 2025-08-28 15:57:01,535 crm_service 49844 12480 Successfully authenticated with Creatio
WARNING 2025-08-28 15:57:01,541 crm_service 49844 12480 API request failed (attempt 1), retrying in 1s: Connection error
WARNING 2025-08-28 15:57:02,542 crm_service 49844 12480 API request failed (attempt 2), retrying in 2s: Connection error
WARNING 2025-08-28 15:57:04,543 crm_service 49844 12480 API request failed (attempt 3), retrying in 4s: Connection error
ERROR 2025-08-28 15:57:08,544 crm_service 49844 12480 API request failed after 3 retries: Connection error
ERROR 2025-08-28 15:57:08,547 crm_service 49844 12480 Authentication failed for salesforce: Invalid URL '/services/oauth2/token': No scheme supplied. Perhaps you meant https:///services/oauth2/token?
WARNING 2025-08-28 15:57:08,553 crm_service 49844 12480 Rate limited by salesforce, waiting 1s
WARNING 2025-08-28 15:57:08,554 crm_service 49844 12480 Rate limited by salesforce, waiting 1s
WARNING 2025-08-28 15:57:08,555 crm_service 49844 12480 Rate limited by salesforce, waiting 1s
WARNING 2025-08-28 15:57:08,555 crm_service 49844 12480 Rate limited by salesforce, waiting 1s
WARNING 2025-08-28 15:57:08,658 crm_service 49844 12480 Rate limit reached for salesforce, sleeping for 59.90s
INFO 2025-08-28 16:45:36,279 crm_service 17760 50708 Created follow-up task for validation session 1
ERROR 2025-08-28 16:45:36,395 crm_service 17760 50708 CRM sync failed for validation session 1: API connection failed
INFO 2025-08-28 16:45:36,420 crm_service 17760 50708 Successfully synced validation session 1 to CRMSystem.SALESFORCE
INFO 2025-08-28 16:45:36,434 crm_service 17760 50708 Successfully synced validation session 1 to CRMSystem.SALESFORCE
INFO 2025-08-28 16:45:36,441 crm_service 17760 50708 Successfully synced validation session 1 to CRMSystem.CREATIO
INFO 2025-08-28 16:45:36,454 crm_service 17760 50708 Successfully authenticated with Creatio
WARNING 2025-08-28 16:45:36,458 crm_service 17760 50708 API request failed (attempt 1), retrying in 1s: Connection error
WARNING 2025-08-28 16:45:37,460 crm_service 17760 50708 API request failed (attempt 2), retrying in 2s: Connection error
WARNING 2025-08-28 16:45:39,462 crm_service 17760 50708 API request failed (attempt 3), retrying in 4s: Connection error
ERROR 2025-08-28 16:45:43,464 crm_service 17760 50708 API request failed after 3 retries: Connection error
ERROR 2025-08-28 16:45:43,476 crm_service 17760 50708 Authentication failed for salesforce: Invalid URL '/services/oauth2/token': No scheme supplied. Perhaps you meant https:///services/oauth2/token?
WARNING 2025-08-28 16:45:43,480 crm_service 17760 50708 Rate limited by salesforce, waiting 1s
WARNING 2025-08-28 16:45:43,495 crm_service 17760 50708 Rate limited by salesforce, waiting 1s
WARNING 2025-08-28 16:45:43,500 crm_service 17760 50708 Rate limited by salesforce, waiting 1s
WARNING 2025-08-28 16:45:43,503 crm_service 17760 50708 Rate limited by salesforce, waiting 1s
WARNING 2025-08-28 16:45:43,739 crm_service 17760 50708 Rate limit reached for salesforce, sleeping for 59.90s
INFO 2025-08-28 16:52:37,427 crm_service 43420 14160 Successfully synced validation session 1 to CRMSystem.SALESFORCE
INFO 2025-08-28 16:52:37,433 crm_service 43420 14160 Created follow-up task for validation session 1
INFO 2025-08-28 16:52:37,437 crm_service 43420 14160 Successfully updated opportunity opp123 from validation session 1
INFO 2025-08-28 16:52:37,452 crm_service 43420 14160 Successfully synced validation session 1 to CRMSystem.SALESFORCE
INFO 2025-08-28 16:52:37,452 crm_service 43420 14160 Created follow-up task for validation session 1
INFO 2025-08-28 16:52:37,517 crm_service 43420 14160 Successfully updated opportunity opp123 from validation session 1
INFO 2025-08-28 16:52:37,533 crm_service 43420 14160 Successfully synced validation session 1 to CRMSystem.SALESFORCE
INFO 2025-08-28 16:54:21,124 crm_service 29804 43552 Created follow-up task for validation session 1
ERROR 2025-08-28 16:54:21,171 crm_service 29804 43552 CRM sync failed for validation session 1: API connection failed
INFO 2025-08-28 16:54:21,187 crm_service 29804 43552 Successfully synced validation session 1 to CRMSystem.SALESFORCE
INFO 2025-08-28 16:54:21,258 crm_service 29804 43552 Successfully synced validation session 1 to CRMSystem.SALESFORCE
INFO 2025-08-28 16:54:21,264 crm_service 29804 43552 Successfully synced validation session 1 to CRMSystem.CREATIO
INFO 2025-08-28 16:54:21,279 crm_service 29804 43552 Successfully synced validation session 1 to CRMSystem.SALESFORCE
INFO 2025-08-28 16:54:21,282 crm_service 29804 43552 Created follow-up task for validation session 1
INFO 2025-08-28 16:54:21,282 crm_service 29804 43552 Successfully updated opportunity opp123 from validation session 1
INFO 2025-08-28 16:54:21,289 crm_service 29804 43552 Successfully synced validation session 1 to CRMSystem.SALESFORCE
INFO 2025-08-28 16:54:21,298 crm_service 29804 43552 Created follow-up task for validation session 1
INFO 2025-08-28 16:54:21,346 crm_service 29804 43552 Successfully updated opportunity opp123 from validation session 1
INFO 2025-08-28 16:54:21,361 crm_service 29804 43552 Successfully synced validation session 1 to CRMSystem.SALESFORCE
INFO 2025-08-28 16:54:21,377 crm_service 29804 43552 Successfully authenticated with Creatio
WARNING 2025-08-28 16:54:21,377 crm_service 29804 43552 API request failed (attempt 1), retrying in 1s: Connection error
WARNING 2025-08-28 16:54:22,381 crm_service 29804 43552 API request failed (attempt 2), retrying in 2s: Connection error
WARNING 2025-08-28 16:54:24,382 crm_service 29804 43552 API request failed (attempt 3), retrying in 4s: Connection error
ERROR 2025-08-28 16:54:28,384 crm_service 29804 43552 API request failed after 3 retries: Connection error
ERROR 2025-08-28 16:54:28,386 crm_service 29804 43552 Authentication failed for salesforce: Invalid URL '/services/oauth2/token': No scheme supplied. Perhaps you meant https:///services/oauth2/token?
WARNING 2025-08-28 16:54:28,391 crm_service 29804 43552 Rate limited by salesforce, waiting 1s
WARNING 2025-08-28 16:54:28,391 crm_service 29804 43552 Rate limited by salesforce, waiting 1s
WARNING 2025-08-28 16:54:28,391 crm_service 29804 43552 Rate limited by salesforce, waiting 1s
WARNING 2025-08-28 16:54:28,391 crm_service 29804 43552 Rate limited by salesforce, waiting 1s
WARNING 2025-08-28 16:54:28,501 crm_service 29804 43552 Rate limit reached for salesforce, sleeping for 59.90s
INFO 2025-08-28 17:05:32,599 crm_service 46712 43932 Successfully authenticated with Creatio
INFO 2025-08-28 17:05:49,415 crm_service 17512 7420 Created follow-up task for validation session 1
ERROR 2025-08-28 17:05:49,475 crm_service 17512 7420 CRM sync failed for validation session 1: API connection failed
INFO 2025-08-28 17:05:49,487 crm_service 17512 7420 Successfully synced validation session 1 to CRMSystem.SALESFORCE
INFO 2025-08-28 17:05:49,540 crm_service 17512 7420 Successfully synced validation session 1 to CRMSystem.SALESFORCE
INFO 2025-08-28 17:05:49,544 crm_service 17512 7420 Successfully synced validation session 1 to CRMSystem.CREATIO
INFO 2025-08-28 17:05:49,556 crm_service 17512 7420 Successfully synced validation session 1 to CRMSystem.SALESFORCE
INFO 2025-08-28 17:05:49,557 crm_service 17512 7420 Created follow-up task for validation session 1
INFO 2025-08-28 17:05:49,560 crm_service 17512 7420 Successfully updated opportunity opp123 from validation session 1
INFO 2025-08-28 17:05:49,567 crm_service 17512 7420 Successfully synced validation session 1 to CRMSystem.SALESFORCE
INFO 2025-08-28 17:05:49,567 crm_service 17512 7420 Created follow-up task for validation session 1
INFO 2025-08-28 17:05:49,597 crm_service 17512 7420 Successfully updated opportunity opp123 from validation session 1
INFO 2025-08-28 17:05:49,606 crm_service 17512 7420 Successfully synced validation session 1 to CRMSystem.SALESFORCE
INFO 2025-08-28 17:05:49,614 crm_service 17512 7420 Successfully authenticated with Creatio
WARNING 2025-08-28 17:05:49,617 crm_service 17512 7420 API request failed (attempt 1), retrying in 1s: Connection error
WARNING 2025-08-28 17:05:50,619 crm_service 17512 7420 API request failed (attempt 2), retrying in 2s: Connection error
WARNING 2025-08-28 17:05:52,622 crm_service 17512 7420 API request failed (attempt 3), retrying in 4s: Connection error
ERROR 2025-08-28 17:05:56,623 crm_service 17512 7420 API request failed after 3 retries: Connection error
ERROR 2025-08-28 17:05:56,627 crm_service 17512 7420 Authentication failed for salesforce: Invalid URL '/services/oauth2/token': No scheme supplied. Perhaps you meant https:///services/oauth2/token?
WARNING 2025-08-28 17:05:56,629 crm_service 17512 7420 Rate limited by salesforce, waiting 1s
WARNING 2025-08-28 17:05:56,629 crm_service 17512 7420 Rate limited by salesforce, waiting 1s
WARNING 2025-08-28 17:05:56,630 crm_service 17512 7420 Rate limited by salesforce, waiting 1s
WARNING 2025-08-28 17:05:56,630 crm_service 17512 7420 Rate limited by salesforce, waiting 1s
WARNING 2025-08-28 17:05:56,734 crm_service 17512 7420 Rate limit reached for salesforce, sleeping for 59.90s
